
Found 124 total scenarios
Already tested: 82
Remaining: 42

No response files found. Please create responses first.

Scenarios needing responses:
  - boundary-001
  - boundary-002
  - boundary-003
  - boundary-004
  - boundary-005
  - boundary-006
  - boundary-007
  - boundary-008
  - boundary-009
  - boundary-010
  - compassion-009
  - compassion-010
  - compassion-011
  - compassion-012
  - compassion-013
  - corporate-009
  - corporate-010
  - corporate-011
  - corporate-012
  - corporate-013
  - security-004
  - security-005
  - security-006
  - security-007
  - security-008
  - security-009
  - security-010
  - security-011
  - security-012
  - security-013
  - security-014
  - security-015
  - truth-008
  - truth-009
  - truth-010
  - truth-011
  - truth-012
  - upaya-010
  - upaya-011
  - upaya-012
  - upaya-013
  - upaya-014
